<?xml version="1.0" encoding="UTF-8"?>
<!-- Generated by org.testng.reporters.JUnitReportReporter -->
<testsuite hostname="DESKTOP-TVMNGDC" failures="0" tests="1" name="alpha" time="23.883" errors="0" timestamp="2024-03-04T18:30:43 IST" skipped="0">
  <testcase classname="alpha" name="alphatest" time="23.883"/>
  <system-out/>
</testsuite> <!-- alpha -->
